<?xml version="1.0" encoding="UTF-8" ?>
<testsuite failures="0" time="0.805" errors="1" skipped="0" tests="1" name="BaseFrameworkTest">
  <properties>
    <property name="java.runtime.name" value="Java(TM) SE Runtime Environment"/>
    <property name="sun.boot.library.path" value="/home/nelson/sofeware/jdk1.7.0_21/jre/lib/amd64"/>
    <property name="java.vm.version" value="23.21-b01"/>
    <property name="java.vm.vendor" value="Oracle Corporation"/>
    <property name="java.vendor.url" value="http://java.oracle.com/"/>
    <property name="path.separator" value=":"/>
    <property name="guice.disable.misplaced.annotation.check" value="true"/>
    <property name="java.vm.name" value="Java HotSpot(TM) 64-Bit Server VM"/>
    <property name="file.encoding.pkg" value="sun.io"/>
    <property name="user.country" value="US"/>
    <property name="sun.java.launcher" value="SUN_STANDARD"/>
    <property name="sun.os.patch.level" value="unknown"/>
    <property name="test" value="BaseFrameworkTest"/>
    <property name="java.vm.specification.name" value="Java Virtual Machine Specification"/>
    <property name="user.dir" value="/home/nelson/NetBeansProjects/weilSales_newframework/Sales/HttpTest"/>
    <property name="java.runtime.version" value="1.7.0_21-b11"/>
    <property name="java.awt.graphicsenv" value="sun.awt.X11GraphicsEnvironment"/>
    <property name="java.endorsed.dirs" value="/home/nelson/sofeware/jdk1.7.0_21/jre/lib/endorsed"/>
    <property name="os.arch" value="amd64"/>
    <property name="java.io.tmpdir" value="/tmp"/>
    <property name="line.separator" value="
"/>
    <property name="java.vm.specification.vendor" value="Oracle Corporation"/>
    <property name="os.name" value="Linux"/>
    <property name="classworlds.conf" value="/home/nelson/sofeware/netbeans-7.3/java/maven/bin/m2.conf"/>
    <property name="sun.jnu.encoding" value="UTF-8"/>
    <property name="java.library.path" value="/home/nelson/sofeware/jdk1.7.0_21/jre/lib/amd64:/home/nelson/sofeware/jdk1.7.0_21/jre/lib/i386::/usr/java/packages/lib/amd64:/usr/lib64:/lib64:/lib:/usr/lib"/>
    <property name="java.specification.name" value="Java Platform API Specification"/>
    <property name="java.class.version" value="51.0"/>
    <property name="sun.management.compiler" value="HotSpot 64-Bit Tiered Compilers"/>
    <property name="os.version" value="3.0.0-32-generic"/>
    <property name="user.home" value="/home/nelson"/>
    <property name="user.timezone" value="Asia/Shanghai"/>
    <property name="java.awt.printerjob" value="sun.print.PSPrinterJob"/>
    <property name="file.encoding" value="UTF-8"/>
    <property name="java.specification.version" value="1.7"/>
    <property name="user.name" value="nelson"/>
    <property name="java.class.path" value="/home/nelson/sofeware/netbeans-7.3/java/maven/boot/plexus-classworlds-2.4.jar"/>
    <property name="java.vm.specification.version" value="1.7"/>
    <property name="sun.arch.data.model" value="64"/>
    <property name="java.home" value="/home/nelson/sofeware/jdk1.7.0_21/jre"/>
    <property name="sun.java.command" value="org.codehaus.plexus.classworlds.launcher.Launcher -Dtest=BaseFrameworkTest --offline --offline test-compile surefire:test"/>
    <property name="java.specification.vendor" value="Oracle Corporation"/>
    <property name="user.language" value="en"/>
    <property name="awt.toolkit" value="sun.awt.X11.XToolkit"/>
    <property name="java.vm.info" value="mixed mode"/>
    <property name="java.version" value="1.7.0_21"/>
    <property name="java.ext.dirs" value="/home/nelson/sofeware/jdk1.7.0_21/jre/lib/ext:/usr/java/packages/lib/ext"/>
    <property name="securerandom.source" value="file:/dev/./urandom"/>
    <property name="sun.boot.class.path" value="/home/nelson/sofeware/jdk1.7.0_21/jre/lib/resources.jar:/home/nelson/sofeware/jdk1.7.0_21/jre/lib/rt.jar:/home/nelson/sofeware/jdk1.7.0_21/jre/lib/sunrsasign.jar:/home/nelson/sofeware/jdk1.7.0_21/jre/lib/jsse.jar:/home/nelson/sofeware/jdk1.7.0_21/jre/lib/jce.jar:/home/nelson/sofeware/jdk1.7.0_21/jre/lib/charsets.jar:/home/nelson/sofeware/jdk1.7.0_21/jre/lib/jfr.jar:/home/nelson/sofeware/jdk1.7.0_21/jre/classes"/>
    <property name="java.vendor" value="Oracle Corporation"/>
    <property name="maven.home" value="/home/nelson/sofeware/netbeans-7.3/java/maven"/>
    <property name="file.separator" value="/"/>
    <property name="java.vendor.url.bug" value="http://bugreport.sun.com/bugreport/"/>
    <property name="sun.cpu.endian" value="little"/>
    <property name="sun.io.unicode.encoding" value="UnicodeLittle"/>
    <property name="sun.desktop" value="gnome"/>
    <property name="sun.cpu.isalist" value=""/>
  </properties>
  <testcase time="0" classname="BaseFrameworkTest" name="BaseFrameworkTest">
    <error message="syntax error, expect {, actual EOF" type="com.alibaba.fastjson.JSONException">com.alibaba.fastjson.JSONException: syntax error, expect {, actual EOF
	at com.alibaba.fastjson.parser.DefaultJSONParser.parseObject(DefaultJSONParser.java:195)
	at com.alibaba.fastjson.parser.deserializer.MapDeserializer.deserialze(MapDeserializer.java:63)
	at com.alibaba.fastjson.parser.deserializer.MapDeserializer.deserialze(MapDeserializer.java:44)
	at com.alibaba.fastjson.parser.DefaultJSONParser.parseObject(DefaultJSONParser.java:514)
	at com.alibaba.fastjson.JSON.parseObject(JSON.java:244)
	at com.alibaba.fastjson.JSON.parseObject(JSON.java:220)
	at com.alibaba.fastjson.JSON.parseObject(JSON.java:179)
	at com.alibaba.fastjson.JSON.parseObject(JSON.java:327)
	at com.framework.utils.JsonUtils.parseJsonToMap(JsonUtils.java:35)
	at BaseFrameworkTest.loginService(BaseFrameworkTest.java:65)
	at BaseFrameworkTest.setUpClass(BaseFrameworkTest.java:44)
	at sun.reflect.NativeMethodAccessorImpl.invoke0(Native Method)
	at sun.reflect.NativeMethodAccessorImpl.invoke(NativeMethodAccessorImpl.java:57)
	at sun.reflect.DelegatingMethodAccessorImpl.invoke(DelegatingMethodAccessorImpl.java:43)
	at java.lang.reflect.Method.invoke(Method.java:601)
	at org.junit.runners.model.FrameworkMethod$1.runReflectiveCall(FrameworkMethod.java:44)
	at org.junit.internal.runners.model.ReflectiveCallable.run(ReflectiveCallable.java:15)
	at org.junit.runners.model.FrameworkMethod.invokeExplosively(FrameworkMethod.java:41)
	at org.junit.internal.runners.statements.RunBefores.evaluate(RunBefores.java:27)
	at org.junit.internal.runners.statements.RunAfters.evaluate(RunAfters.java:31)
	at org.junit.runners.ParentRunner.run(ParentRunner.java:236)
	at org.apache.maven.surefire.junit4.JUnit4TestSet.execute(JUnit4TestSet.java:53)
	at org.apache.maven.surefire.junit4.JUnit4Provider.executeTestSet(JUnit4Provider.java:123)
	at org.apache.maven.surefire.junit4.JUnit4Provider.invoke(JUnit4Provider.java:104)
	at sun.reflect.NativeMethodAccessorImpl.invoke0(Native Method)
	at sun.reflect.NativeMethodAccessorImpl.invoke(NativeMethodAccessorImpl.java:57)
	at sun.reflect.DelegatingMethodAccessorImpl.invoke(DelegatingMethodAccessorImpl.java:43)
	at java.lang.reflect.Method.invoke(Method.java:601)
	at org.apache.maven.surefire.util.ReflectionUtils.invokeMethodWithArray(ReflectionUtils.java:164)
	at org.apache.maven.surefire.booter.ProviderFactory$ProviderProxy.invoke(ProviderFactory.java:110)
	at org.apache.maven.surefire.booter.SurefireStarter.invokeProvider(SurefireStarter.java:175)
	at org.apache.maven.surefire.booter.SurefireStarter.runSuitesInProcessWhenForked(SurefireStarter.java:107)
	at org.apache.maven.surefire.booter.ForkedBooter.main(ForkedBooter.java:68)
</error>
    <system-out>{&quot;encryptType&quot;:&quot;1&quot;,&quot;data&quot;:{&quot;password&quot;:&quot;123456&quot;,&quot;userName&quot;:&quot;780562434&quot;}}
2014-03-30 09:58:33 [org.apache.http.impl.conn.tsccm.ThreadSafeClientConnManager]-[DEBUG] Get connection: HttpRoute[{}-&gt;http://localhost:8080], timeout = 10000
  2014-03-30 09:58:33 [org.apache.http.impl.conn.tsccm.ConnPoolByRoute]-[DEBUG] [HttpRoute[{}-&gt;http://localhost:8080]] total kept alive: 0, total issued: 0, total allocated: 0 out of 300
  2014-03-30 09:58:33 [org.apache.http.impl.conn.tsccm.ConnPoolByRoute]-[DEBUG] No free connections [HttpRoute[{}-&gt;http://localhost:8080]][null]
  2014-03-30 09:58:33 [org.apache.http.impl.conn.tsccm.ConnPoolByRoute]-[DEBUG] Available capacity: 200 out of 200 [HttpRoute[{}-&gt;http://localhost:8080]][null]
  2014-03-30 09:58:33 [org.apache.http.impl.conn.tsccm.ConnPoolByRoute]-[DEBUG] Creating new connection [HttpRoute[{}-&gt;http://localhost:8080]]
  2014-03-30 09:58:33 [org.apache.http.impl.conn.DefaultClientConnectionOperator]-[DEBUG] Connecting to localhost:8080
  2014-03-30 09:58:33 [org.apache.http.client.protocol.RequestAddCookies]-[DEBUG] CookieSpec selected: best-match
  2014-03-30 09:58:33 [org.apache.http.client.protocol.RequestAuthCache]-[DEBUG] Auth cache not set in the context
  2014-03-30 09:58:33 [org.apache.http.impl.client.DefaultHttpClient]-[DEBUG] Attempt 1 to execute request
  2014-03-30 09:58:33 [org.apache.http.impl.conn.DefaultClientConnection]-[DEBUG] Sending request: POST /AppTreasure/AppTreasureService?act=login&amp;sign=AAE695332B070AA867BD2ACBE4AE0AB4 HTTP/1.1
  2014-03-30 09:58:33 [org.apache.http.wire]-[DEBUG] &gt;&gt; &quot;POST /AppTreasure/AppTreasureService?act=login&amp;sign=AAE695332B070AA867BD2ACBE4AE0AB4 HTTP/1.1[\r][\n]&quot;
  2014-03-30 09:58:33 [org.apache.http.wire]-[DEBUG] &gt;&gt; &quot;Content-Type: application/x-www-form-urlencoded;charset=utf-8[\r][\n]&quot;
  2014-03-30 09:58:33 [org.apache.http.wire]-[DEBUG] &gt;&gt; &quot;Content-Length: 127[\r][\n]&quot;
  2014-03-30 09:58:33 [org.apache.http.wire]-[DEBUG] &gt;&gt; &quot;Host: localhost:8080[\r][\n]&quot;
  2014-03-30 09:58:33 [org.apache.http.wire]-[DEBUG] &gt;&gt; &quot;Connection: Keep-Alive[\r][\n]&quot;
  2014-03-30 09:58:33 [org.apache.http.wire]-[DEBUG] &gt;&gt; &quot;[\r][\n]&quot;
  2014-03-30 09:58:33 [org.apache.http.headers]-[DEBUG] &gt;&gt; POST /AppTreasure/AppTreasureService?act=login&amp;sign=AAE695332B070AA867BD2ACBE4AE0AB4 HTTP/1.1
  2014-03-30 09:58:33 [org.apache.http.headers]-[DEBUG] &gt;&gt; Content-Type: application/x-www-form-urlencoded;charset=utf-8
  2014-03-30 09:58:33 [org.apache.http.headers]-[DEBUG] &gt;&gt; Content-Length: 127
  2014-03-30 09:58:33 [org.apache.http.headers]-[DEBUG] &gt;&gt; Host: localhost:8080
  2014-03-30 09:58:33 [org.apache.http.headers]-[DEBUG] &gt;&gt; Connection: Keep-Alive
  2014-03-30 09:58:33 [org.apache.http.wire]-[DEBUG] &gt;&gt; &quot;request=%7B%22encryptType%22%3A%221%22%2C%22data%22%3A%7B%22password%22%3A%22123456%22%2C%22userName%22%3A%22780562434%22%7D%7D&quot;
  2014-03-30 09:58:33 [org.apache.http.wire]-[DEBUG] &lt;&lt; &quot;HTTP/1.1 500 Internal Server Error[\r][\n]&quot;
  2014-03-30 09:58:33 [org.apache.http.wire]-[DEBUG] &lt;&lt; &quot;X-Powered-By: Servlet/3.1 JSP/2.3 (GlassFish Server Open Source Edition  4.0  Java/Oracle Corporation/1.7)[\r][\n]&quot;
  2014-03-30 09:58:33 [org.apache.http.wire]-[DEBUG] &lt;&lt; &quot;Server: GlassFish Server Open Source Edition  4.0 [\r][\n]&quot;
  2014-03-30 09:58:33 [org.apache.http.wire]-[DEBUG] &lt;&lt; &quot;Content-Language: [\r][\n]&quot;
  2014-03-30 09:58:33 [org.apache.http.wire]-[DEBUG] &lt;&lt; &quot;Content-Type: text/html[\r][\n]&quot;
  2014-03-30 09:58:33 [org.apache.http.wire]-[DEBUG] &lt;&lt; &quot;Date: Sun, 30 Mar 2014 01:58:33 GMT[\r][\n]&quot;
  2014-03-30 09:58:33 [org.apache.http.wire]-[DEBUG] &lt;&lt; &quot;Connection: close[\r][\n]&quot;
  2014-03-30 09:58:33 [org.apache.http.wire]-[DEBUG] &lt;&lt; &quot;Content-Length: 0[\r][\n]&quot;
  2014-03-30 09:58:33 [org.apache.http.wire]-[DEBUG] &lt;&lt; &quot;[\r][\n]&quot;
  2014-03-30 09:58:33 [org.apache.http.impl.conn.DefaultClientConnection]-[DEBUG] Receiving response: HTTP/1.1 500 Internal Server Error
  2014-03-30 09:58:33 [org.apache.http.headers]-[DEBUG] &lt;&lt; HTTP/1.1 500 Internal Server Error
  2014-03-30 09:58:33 [org.apache.http.headers]-[DEBUG] &lt;&lt; X-Powered-By: Servlet/3.1 JSP/2.3 (GlassFish Server Open Source Edition  4.0  Java/Oracle Corporation/1.7)
  2014-03-30 09:58:33 [org.apache.http.headers]-[DEBUG] &lt;&lt; Server: GlassFish Server Open Source Edition  4.0 
  2014-03-30 09:58:33 [org.apache.http.headers]-[DEBUG] &lt;&lt; Content-Language: 
  2014-03-30 09:58:33 [org.apache.http.headers]-[DEBUG] &lt;&lt; Content-Type: text/html
  2014-03-30 09:58:33 [org.apache.http.headers]-[DEBUG] &lt;&lt; Date: Sun, 30 Mar 2014 01:58:33 GMT
  2014-03-30 09:58:33 [org.apache.http.headers]-[DEBUG] &lt;&lt; Connection: close
  2014-03-30 09:58:33 [org.apache.http.headers]-[DEBUG] &lt;&lt; Content-Length: 0
  2014-03-30 09:58:33 [org.apache.http.impl.conn.DefaultClientConnection]-[DEBUG] Connection shut down
  2014-03-30 09:58:33 [org.apache.http.impl.conn.tsccm.ThreadSafeClientConnManager]-[DEBUG] Released connection is not reusable.
  2014-03-30 09:58:33 [org.apache.http.impl.conn.tsccm.ConnPoolByRoute]-[DEBUG] Releasing connection [HttpRoute[{}-&gt;http://localhost:8080]][null]
  2014-03-30 09:58:33 [org.apache.http.impl.conn.tsccm.ConnPoolByRoute]-[DEBUG] Notifying no-one, there are no waiting threads
  </system-out>
    <system-err>SLF4J: This version of SLF4J requires log4j version 1.2.12 or later. See also http://www.slf4j.org/codes.html#log4j_version
log4j:ERROR setFile(null,true) call failed.
java.io.FileNotFoundException: /logs/weile.log (No such file or directory)
	at java.io.FileOutputStream.open(Native Method)
	at java.io.FileOutputStream.&lt;init&gt;(FileOutputStream.java:212)
	at java.io.FileOutputStream.&lt;init&gt;(FileOutputStream.java:136)
	at org.apache.log4j.FileAppender.setFile(FileAppender.java:272)
	at org.apache.log4j.FileAppender.activateOptions(FileAppender.java:151)
	at org.apache.log4j.DailyRollingFileAppender.activateOptions(DailyRollingFileAppender.java:206)
	at org.apache.log4j.config.PropertySetter.activate(PropertySetter.java:247)
	at org.apache.log4j.config.PropertySetter.setProperties(PropertySetter.java:123)
	at org.apache.log4j.config.PropertySetter.setProperties(PropertySetter.java:87)
	at org.apache.log4j.PropertyConfigurator.parseAppender(PropertyConfigurator.java:645)
	at org.apache.log4j.PropertyConfigurator.parseCategory(PropertyConfigurator.java:603)
	at org.apache.log4j.PropertyConfigurator.configureRootCategory(PropertyConfigurator.java:500)
	at org.apache.log4j.PropertyConfigurator.doConfigure(PropertyConfigurator.java:406)
	at org.apache.log4j.PropertyConfigurator.doConfigure(PropertyConfigurator.java:432)
	at org.apache.log4j.helpers.OptionConverter.selectAndConfigure(OptionConverter.java:460)
	at org.apache.log4j.LogManager.&lt;clinit&gt;(LogManager.java:113)
	at org.slf4j.impl.Log4jLoggerFactory.getLogger(Log4jLoggerFactory.java:64)
	at org.slf4j.LoggerFactory.getLogger(LoggerFactory.java:270)
	at org.slf4j.LoggerFactory.getLogger(LoggerFactory.java:281)
	at com.frameworkLog.factory.LogFactory.getLogger(LogFactory.java:23)
	at com.framework.httpclient.MultionHttpConnection.&lt;init&gt;(MultionHttpConnection.java:34)
	at com.framework.httpclient.HttpConnectionFactory.&lt;clinit&gt;(HttpConnectionFactory.java:17)
	at BaseFrameworkTest.setUpClass(BaseFrameworkTest.java:42)
	at sun.reflect.NativeMethodAccessorImpl.invoke0(Native Method)
	at sun.reflect.NativeMethodAccessorImpl.invoke(NativeMethodAccessorImpl.java:57)
	at sun.reflect.DelegatingMethodAccessorImpl.invoke(DelegatingMethodAccessorImpl.java:43)
	at java.lang.reflect.Method.invoke(Method.java:601)
	at org.junit.runners.model.FrameworkMethod$1.runReflectiveCall(FrameworkMethod.java:44)
	at org.junit.internal.runners.model.ReflectiveCallable.run(ReflectiveCallable.java:15)
	at org.junit.runners.model.FrameworkMethod.invokeExplosively(FrameworkMethod.java:41)
	at org.junit.internal.runners.statements.RunBefores.evaluate(RunBefores.java:27)
	at org.junit.internal.runners.statements.RunAfters.evaluate(RunAfters.java:31)
	at org.junit.runners.ParentRunner.run(ParentRunner.java:236)
	at org.apache.maven.surefire.junit4.JUnit4TestSet.execute(JUnit4TestSet.java:53)
	at org.apache.maven.surefire.junit4.JUnit4Provider.executeTestSet(JUnit4Provider.java:123)
	at org.apache.maven.surefire.junit4.JUnit4Provider.invoke(JUnit4Provider.java:104)
	at sun.reflect.NativeMethodAccessorImpl.invoke0(Native Method)
	at sun.reflect.NativeMethodAccessorImpl.invoke(NativeMethodAccessorImpl.java:57)
	at sun.reflect.DelegatingMethodAccessorImpl.invoke(DelegatingMethodAccessorImpl.java:43)
	at java.lang.reflect.Method.invoke(Method.java:601)
	at org.apache.maven.surefire.util.ReflectionUtils.invokeMethodWithArray(ReflectionUtils.java:164)
	at org.apache.maven.surefire.booter.ProviderFactory$ProviderProxy.invoke(ProviderFactory.java:110)
	at org.apache.maven.surefire.booter.SurefireStarter.invokeProvider(SurefireStarter.java:175)
	at org.apache.maven.surefire.booter.SurefireStarter.runSuitesInProcessWhenForked(SurefireStarter.java:107)
	at org.apache.maven.surefire.booter.ForkedBooter.main(ForkedBooter.java:68)
log4j:ERROR Either File or DatePattern options are not set for appender [RollingAppender].
log4j:ERROR setFile(null,true) call failed.
java.io.FileNotFoundException: /logs/weileError.log (No such file or directory)
	at java.io.FileOutputStream.open(Native Method)
	at java.io.FileOutputStream.&lt;init&gt;(FileOutputStream.java:212)
	at java.io.FileOutputStream.&lt;init&gt;(FileOutputStream.java:136)
	at org.apache.log4j.FileAppender.setFile(FileAppender.java:272)
	at org.apache.log4j.FileAppender.activateOptions(FileAppender.java:151)
	at org.apache.log4j.DailyRollingFileAppender.activateOptions(DailyRollingFileAppender.java:206)
	at org.apache.log4j.config.PropertySetter.activate(PropertySetter.java:247)
	at org.apache.log4j.config.PropertySetter.setProperties(PropertySetter.java:123)
	at org.apache.log4j.config.PropertySetter.setProperties(PropertySetter.java:87)
	at org.apache.log4j.PropertyConfigurator.parseAppender(PropertyConfigurator.java:645)
	at org.apache.log4j.PropertyConfigurator.parseCategory(PropertyConfigurator.java:603)
	at org.apache.log4j.PropertyConfigurator.configureRootCategory(PropertyConfigurator.java:500)
	at org.apache.log4j.PropertyConfigurator.doConfigure(PropertyConfigurator.java:406)
	at org.apache.log4j.PropertyConfigurator.doConfigure(PropertyConfigurator.java:432)
	at org.apache.log4j.helpers.OptionConverter.selectAndConfigure(OptionConverter.java:460)
	at org.apache.log4j.LogManager.&lt;clinit&gt;(LogManager.java:113)
	at org.slf4j.impl.Log4jLoggerFactory.getLogger(Log4jLoggerFactory.java:64)
	at org.slf4j.LoggerFactory.getLogger(LoggerFactory.java:270)
	at org.slf4j.LoggerFactory.getLogger(LoggerFactory.java:281)
	at com.frameworkLog.factory.LogFactory.getLogger(LogFactory.java:23)
	at com.framework.httpclient.MultionHttpConnection.&lt;init&gt;(MultionHttpConnection.java:34)
	at com.framework.httpclient.HttpConnectionFactory.&lt;clinit&gt;(HttpConnectionFactory.java:17)
	at BaseFrameworkTest.setUpClass(BaseFrameworkTest.java:42)
	at sun.reflect.NativeMethodAccessorImpl.invoke0(Native Method)
	at sun.reflect.NativeMethodAccessorImpl.invoke(NativeMethodAccessorImpl.java:57)
	at sun.reflect.DelegatingMethodAccessorImpl.invoke(DelegatingMethodAccessorImpl.java:43)
	at java.lang.reflect.Method.invoke(Method.java:601)
	at org.junit.runners.model.FrameworkMethod$1.runReflectiveCall(FrameworkMethod.java:44)
	at org.junit.internal.runners.model.ReflectiveCallable.run(ReflectiveCallable.java:15)
	at org.junit.runners.model.FrameworkMethod.invokeExplosively(FrameworkMethod.java:41)
	at org.junit.internal.runners.statements.RunBefores.evaluate(RunBefores.java:27)
	at org.junit.internal.runners.statements.RunAfters.evaluate(RunAfters.java:31)
	at org.junit.runners.ParentRunner.run(ParentRunner.java:236)
	at org.apache.maven.surefire.junit4.JUnit4TestSet.execute(JUnit4TestSet.java:53)
	at org.apache.maven.surefire.junit4.JUnit4Provider.executeTestSet(JUnit4Provider.java:123)
	at org.apache.maven.surefire.junit4.JUnit4Provider.invoke(JUnit4Provider.java:104)
	at sun.reflect.NativeMethodAccessorImpl.invoke0(Native Method)
	at sun.reflect.NativeMethodAccessorImpl.invoke(NativeMethodAccessorImpl.java:57)
	at sun.reflect.DelegatingMethodAccessorImpl.invoke(DelegatingMethodAccessorImpl.java:43)
	at java.lang.reflect.Method.invoke(Method.java:601)
	at org.apache.maven.surefire.util.ReflectionUtils.invokeMethodWithArray(ReflectionUtils.java:164)
	at org.apache.maven.surefire.booter.ProviderFactory$ProviderProxy.invoke(ProviderFactory.java:110)
	at org.apache.maven.surefire.booter.SurefireStarter.invokeProvider(SurefireStarter.java:175)
	at org.apache.maven.surefire.booter.SurefireStarter.runSuitesInProcessWhenForked(SurefireStarter.java:107)
	at org.apache.maven.surefire.booter.ForkedBooter.main(ForkedBooter.java:68)
log4j:ERROR Either File or DatePattern options are not set for appender [errorLog].
</system-err>
  </testcase>
</testsuite>